SF:/Users/penkovsky_sa/Projects/OpenSource/cherrypick/cherrypick_generator/lib/src/bind_spec.dart
DA:78,5
DA:104,5
DA:105,5
DA:106,5
DA:107,5
DA:108,5
DA:109,5
DA:115,5
DA:116,10
DA:117,5
DA:121,5
DA:124,17
DA:125,15
DA:126,5
DA:127,5
DA:128,0
DA:133,5
DA:134,5
DA:136,0
DA:137,8
DA:140,0
DA:141,10
DA:147,5
DA:148,17
DA:149,15
DA:150,5
DA:151,5
DA:152,5
DA:153,4
DA:154,14
DA:155,5
DA:156,5
DA:158,0
DA:159,10
DA:162,0
DA:163,10
DA:169,5
DA:170,15
DA:171,5
DA:172,5
DA:188,1
DA:189,2
DA:191,1
DA:193,2
DA:196,2
DA:199,1
DA:201,2
DA:202,2
DA:203,2
DA:204,2
DA:206,2
DA:210,2
DA:211,2
DA:213,1
DA:214,1
DA:222,1
DA:223,2
DA:233,1
DA:236,1
DA:237,1
DA:240,1
DA:254,1
DA:255,2
DA:256,2
LF:64
LH:59
end_of_record
SF:/Users/penkovsky_sa/Projects/OpenSource/cherrypick/cherrypick_generator/lib/src/metadata_utils.dart
DA:41,4
DA:42,5
DA:44,1
DA:45,1
DA:46,1
DA:47,1
DA:48,2
DA:63,4
DA:64,5
DA:65,1
DA:67,3
DA:69,1
DA:70,2
LF:13
LH:13
end_of_record
SF:/Users/penkovsky_sa/Projects/OpenSource/cherrypick/cherrypick_generator/lib/src/bind_parameters_spec.dart
DA:53,1
DA:66,1
DA:67,1
DA:70,1
DA:71,3
DA:73,2
LF:6
LH:6
end_of_record
SF:/Users/penkovsky_sa/Projects/OpenSource/cherrypick/cherrypick_generator/lib/module_generator.dart
DA:56,1
DA:64,1
DA:65,1
DA:75,1
DA:78,1
DA:92,1
DA:93,3
LF:7
LH:7
end_of_record
SF:/Users/penkovsky_sa/Projects/OpenSource/cherrypick/cherrypick_generator/lib/src/generated_class.dart
DA:52,1
DA:71,1
DA:72,1
DA:74,1
DA:76,1
DA:77,3
DA:78,1
DA:79,1
DA:81,1
DA:97,1
DA:98,1
DA:100,4
DA:101,1
DA:102,1
DA:106,2
DA:107,2
DA:110,1
DA:111,1
DA:113,1
LF:19
LH:19
end_of_record
SF:/Users/penkovsky_sa/Projects/OpenSource/cherrypick/cherrypick_generator/lib/inject_generator.dart
DA:38,2
DA:45,1
DA:51,1
DA:52,1
DA:59,1
DA:60,1
DA:62,1
DA:63,2
DA:64,2
DA:69,3
DA:71,2
DA:72,2
DA:76,1
DA:77,1
DA:79,1
DA:85,1
DA:86,2
DA:87,5
DA:96,1
DA:100,2
DA:101,1
DA:102,2
DA:103,1
DA:104,2
DA:105,1
DA:106,2
DA:110,1
DA:114,1
DA:116,3
DA:119,1
DA:125,2
DA:127,1
DA:129,1
DA:130,4
DA:132,1
DA:133,1
DA:134,1
DA:147,1
DA:149,1
DA:150,1
DA:151,1
DA:152,3
DA:153,1
DA:154,1
DA:155,3
DA:157,3
DA:158,1
DA:159,1
DA:161,3
DA:162,1
DA:163,1
DA:165,2
DA:193,1
DA:206,1
DA:207,3
LF:55
LH:55
end_of_record
